2021-06-06 12:08:23.991  INFO 18076 --- [main] com.chaitanya.DemoApplication            : Starting DemoApplication using Java 15.0.1 on LAPTOP-KVSK8QLJ with PID 18076 (C:\WorkSpaceJava\HelloWorld\Demo\target\classes started by 91809 in C:\WorkSpaceJava\HelloWorld\Demo)
2021-06-06 12:08:23.996  INFO 18076 --- [main] com.chaitanya.DemoApplication            : No active profile set, falling back to default profiles: default
2021-06-06 12:08:26.164  INFO 18076 --- [main] .s.d.r.c.RepositoryConfigurationDelegate : Bootstrapping Spring Data JPA repositories in DEFAULT mode.
2021-06-06 12:08:26.252  INFO 18076 --- [main] .s.d.r.c.RepositoryConfigurationDelegate : Finished Spring Data repository scanning in 75 ms. Found 3 JPA repository interfaces.
2021-06-06 12:08:27.436  INFO 18076 --- [main] o.s.b.w.embedded.tomcat.TomcatWebServer  : Tomcat initialized with port(s): 8080 (http)
2021-06-06 12:08:27.446  INFO 18076 --- [main] o.apache.catalina.core.StandardService   : Starting service [Tomcat]
2021-06-06 12:08:27.447  INFO 18076 --- [main] org.apache.catalina.core.StandardEngine  : Starting Servlet engine: [Apache Tomcat/9.0.46]
2021-06-06 12:08:27.682  INFO 18076 --- [main] o.a.c.c.C.[Tomcat].[localhost].[/]       : Initializing Spring embedded WebApplicationContext
2021-06-06 12:08:27.683  INFO 18076 --- [main] w.s.c.ServletWebServerApplicationContext : Root WebApplicationContext: initialization completed in 3624 ms
2021-06-06 12:08:27.878  INFO 18076 --- [main] com.zaxxer.hikari.HikariDataSource       : HikariPool-1 - Starting...
2021-06-06 12:08:28.445  INFO 18076 --- [main] com.zaxxer.hikari.HikariDataSource       : HikariPool-1 - Start completed.
2021-06-06 12:08:28.500  INFO 18076 --- [main] o.hibernate.jpa.internal.util.LogHelper  : HHH000204: Processing PersistenceUnitInfo [name: default]
2021-06-06 12:08:28.609  INFO 18076 --- [main] org.hibernate.Version                    : HHH000412: Hibernate ORM core version 5.4.31.Final
2021-06-06 12:08:28.822  INFO 18076 --- [main] o.hibernate.annotations.common.Version   : HCANN000001: Hibernate Commons Annotations {5.1.2.Final}
2021-06-06 12:08:28.986  INFO 18076 --- [main] org.hibernate.dialect.Dialect            : HHH000400: Using dialect: org.hibernate.dialect.MySQL57Dialect
2021-06-06 12:08:30.061  INFO 18076 --- [main] o.h.e.t.j.p.i.JtaPlatformInitiator       : HHH000490: Using JtaPlatform implementation: [org.hibernate.engine.transaction.jta.platform.internal.NoJtaPlatform]
2021-06-06 12:08:30.075  INFO 18076 --- [main] j.LocalContainerEntityManagerFactoryBean : Initialized JPA EntityManagerFactory for persistence unit 'default'
2021-06-06 12:08:31.361  WARN 18076 --- [main] JpaBaseConfiguration$JpaWebConfiguration : spring.jpa.open-in-view is enabled by default. Therefore, database queries may be performed during view rendering. Explicitly configure spring.jpa.open-in-view to disable this warning
2021-06-06 12:08:31.967  INFO 18076 --- [main] o.s.b.w.embedded.tomcat.TomcatWebServer  : Tomcat started on port(s): 8080 (http) with context path ''
2021-06-06 12:08:32.590  INFO 18076 --- [main] com.chaitanya.DemoApplication            : Started DemoApplication in 9.113 seconds (JVM running for 10.318)
2021-06-06 12:08:32.594  INFO 18076 --- [main] o.s.b.a.ApplicationAvailabilityBean      : Application availability state LivenessState changed to CORRECT
2021-06-06 12:08:32.600  INFO 18076 --- [main] o.s.b.a.ApplicationAvailabilityBean      : Application availability state ReadinessState changed to ACCEPTING_TRAFFIC
2021-06-06 12:08:35.032  INFO 18076 --- [http-nio-8080-exec-1] o.a.c.c.C.[Tomcat].[localhost].[/]       : Initializing Spring DispatcherServlet 'dispatcherServlet'
2021-06-06 12:08:35.033  INFO 18076 --- [http-nio-8080-exec-1] o.s.web.servlet.DispatcherServlet        : Initializing Servlet 'dispatcherServlet'
2021-06-06 12:08:35.034  INFO 18076 --- [http-nio-8080-exec-1] o.s.web.servlet.DispatcherServlet        : Completed initialization in 1 ms
2021-06-06 12:08:35.134  INFO 18076 --- [http-nio-8080-exec-1] com.controller.StudentController         : inQueryMessage = InQueryRequest(firstNames=[hari, john])
2021-06-06 12:08:35.443  INFO 18076 --- [http-nio-8080-exec-1] com.controller.StudentController         : studentResponseList = [StudentResponse(id=17, firstName=john, lastName=smith, email=john414@gmail.com, fullname=john smith, street= happy street, city=hyderabad, learningSubjects=[]), StudentResponse(id=18, firstName=hari, lastName=rapaka, email=harirapaka41414@gmail.com, fullname=hari rapaka, street= bad street, city=hyderabad, learningSubjects=[]), StudentResponse(id=19, firstName=hari, lastName=rapaka, email=harirapaka41414@gmail.com, fullname=hari rapaka, street= bad street, city=hyderabad, learningSubjects=[]), StudentResponse(id=20, firstName=hari, lastName=rapaka, email=harirapaka41414@gmail.com, fullname=hari rapaka, street= bad street, city=hyderabad, learningSubjects=[])]
2021-06-06 13:36:31.932  WARN 18076 --- [HikariPool-1 housekeeper] com.zaxxer.hikari.pool.HikariPool        : HikariPool-1 - Thread starvation or clock leap detected (housekeeper delta=26m3s297ms834µs700ns).
2021-06-06 15:05:54.162 ERROR 18076 --- [http-nio-8080-exec-2] com.controller.StudentController         : Inside error
2021-06-06 15:05:54.165  WARN 18076 --- [http-nio-8080-exec-2] com.controller.StudentController         : Inside warn
2021-06-06 15:05:54.165  INFO 18076 --- [http-nio-8080-exec-2] com.controller.StudentController         : Inside info 
2021-06-06 15:06:06.566 ERROR 18076 --- [http-nio-8080-exec-3] com.controller.StudentController         : Inside error
2021-06-06 15:06:06.566  WARN 18076 --- [http-nio-8080-exec-3] com.controller.StudentController         : Inside warn
2021-06-06 15:06:06.567  INFO 18076 --- [http-nio-8080-exec-3] com.controller.StudentController         : Inside info 
2021-06-06 15:23:48.359  INFO 18076 --- [RMI TCP Connection(177)-127.0.0.1] inMXBeanRegistrar$SpringApplicationAdmin : Application shutdown requested.
2021-06-06 15:23:48.388  INFO 18076 --- [RMI TCP Connection(177)-127.0.0.1] o.s.b.a.ApplicationAvailabilityBean      : Application availability state ReadinessState changed from ACCEPTING_TRAFFIC to REFUSING_TRAFFIC
