2021-06-06 12:08:23.991  INFO 18076 --- [main] com.chaitanya.DemoApplication            : Starting DemoApplication using Java 15.0.1 on LAPTOP-KVSK8QLJ with PID 18076 (C:\WorkSpaceJava\HelloWorld\Demo\target\classes started by 91809 in C:\WorkSpaceJava\HelloWorld\Demo)
2021-06-06 12:08:23.996  INFO 18076 --- [main] com.chaitanya.DemoApplication            : No active profile set, falling back to default profiles: default
2021-06-06 12:08:26.164  INFO 18076 --- [main] .s.d.r.c.RepositoryConfigurationDelegate : Bootstrapping Spring Data JPA repositories in DEFAULT mode.
2021-06-06 12:08:26.252  INFO 18076 --- [main] .s.d.r.c.RepositoryConfigurationDelegate : Finished Spring Data repository scanning in 75 ms. Found 3 JPA repository interfaces.
2021-06-06 12:08:27.436  INFO 18076 --- [main] o.s.b.w.embedded.tomcat.TomcatWebServer  : Tomcat initialized with port(s): 8080 (http)
2021-06-06 12:08:27.446  INFO 18076 --- [main] o.apache.catalina.core.StandardService   : Starting service [Tomcat]
2021-06-06 12:08:27.447  INFO 18076 --- [main] org.apache.catalina.core.StandardEngine  : Starting Servlet engine: [Apache Tomcat/9.0.46]
2021-06-06 12:08:27.682  INFO 18076 --- [main] o.a.c.c.C.[Tomcat].[localhost].[/]       : Initializing Spring embedded WebApplicationContext
2021-06-06 12:08:27.683  INFO 18076 --- [main] w.s.c.ServletWebServerApplicationContext : Root WebApplicationContext: initialization completed in 3624 ms
2021-06-06 12:08:27.878  INFO 18076 --- [main] com.zaxxer.hikari.HikariDataSource       : HikariPool-1 - Starting...
2021-06-06 12:08:28.445  INFO 18076 --- [main] com.zaxxer.hikari.HikariDataSource       : HikariPool-1 - Start completed.
2021-06-06 12:08:28.500  INFO 18076 --- [main] o.hibernate.jpa.internal.util.LogHelper  : HHH000204: Processing PersistenceUnitInfo [name: default]
2021-06-06 12:08:28.609  INFO 18076 --- [main] org.hibernate.Version                    : HHH000412: Hibernate ORM core version 5.4.31.Final
2021-06-06 12:08:28.822  INFO 18076 --- [main] o.hibernate.annotations.common.Version   : HCANN000001: Hibernate Commons Annotations {5.1.2.Final}
2021-06-06 12:08:28.986  INFO 18076 --- [main] org.hibernate.dialect.Dialect            : HHH000400: Using dialect: org.hibernate.dialect.MySQL57Dialect
2021-06-06 12:08:30.061  INFO 18076 --- [main] o.h.e.t.j.p.i.JtaPlatformInitiator       : HHH000490: Using JtaPlatform implementation: [org.hibernate.engine.transaction.jta.platform.internal.NoJtaPlatform]
2021-06-06 12:08:30.075  INFO 18076 --- [main] j.LocalContainerEntityManagerFactoryBean : Initialized JPA EntityManagerFactory for persistence unit 'default'
2021-06-06 12:08:31.361  WARN 18076 --- [main] JpaBaseConfiguration$JpaWebConfiguration : spring.jpa.open-in-view is enabled by default. Therefore, database queries may be performed during view rendering. Explicitly configure spring.jpa.open-in-view to disable this warning
2021-06-06 12:08:31.967  INFO 18076 --- [main] o.s.b.w.embedded.tomcat.TomcatWebServer  : Tomcat started on port(s): 8080 (http) with context path ''
2021-06-06 12:08:32.590  INFO 18076 --- [main] com.chaitanya.DemoApplication            : Started DemoApplication in 9.113 seconds (JVM running for 10.318)
2021-06-06 12:08:32.594  INFO 18076 --- [main] o.s.b.a.ApplicationAvailabilityBean      : Application availability state LivenessState changed to CORRECT
2021-06-06 12:08:32.600  INFO 18076 --- [main] o.s.b.a.ApplicationAvailabilityBean      : Application availability state ReadinessState changed to ACCEPTING_TRAFFIC
2021-06-06 12:08:35.032  INFO 18076 --- [http-nio-8080-exec-1] o.a.c.c.C.[Tomcat].[localhost].[/]       : Initializing Spring DispatcherServlet 'dispatcherServlet'
2021-06-06 12:08:35.033  INFO 18076 --- [http-nio-8080-exec-1] o.s.web.servlet.DispatcherServlet        : Initializing Servlet 'dispatcherServlet'
2021-06-06 12:08:35.034  INFO 18076 --- [http-nio-8080-exec-1] o.s.web.servlet.DispatcherServlet        : Completed initialization in 1 ms
2021-06-06 12:08:35.134  INFO 18076 --- [http-nio-8080-exec-1] com.controller.StudentController         : inQueryMessage = InQueryRequest(firstNames=[hari, john])
2021-06-06 12:08:35.443  INFO 18076 --- [http-nio-8080-exec-1] com.controller.StudentController         : studentResponseList = [StudentResponse(id=17, firstName=john, lastName=smith, email=john414@gmail.com, fullname=john smith, street= happy street, city=hyderabad, learningSubjects=[]), StudentResponse(id=18, firstName=hari, lastName=rapaka, email=harirapaka41414@gmail.com, fullname=hari rapaka, street= bad street, city=hyderabad, learningSubjects=[]), StudentResponse(id=19, firstName=hari, lastName=rapaka, email=harirapaka41414@gmail.com, fullname=hari rapaka, street= bad street, city=hyderabad, learningSubjects=[]), StudentResponse(id=20, firstName=hari, lastName=rapaka, email=harirapaka41414@gmail.com, fullname=hari rapaka, street= bad street, city=hyderabad, learningSubjects=[])]
2021-06-06 13:36:31.932  WARN 18076 --- [HikariPool-1 housekeeper] com.zaxxer.hikari.pool.HikariPool        : HikariPool-1 - Thread starvation or clock leap detected (housekeeper delta=26m3s297ms834µs700ns).
2021-06-06 15:05:54.162 ERROR 18076 --- [http-nio-8080-exec-2] com.controller.StudentController         : Inside error
2021-06-06 15:05:54.165  WARN 18076 --- [http-nio-8080-exec-2] com.controller.StudentController         : Inside warn
2021-06-06 15:05:54.165  INFO 18076 --- [http-nio-8080-exec-2] com.controller.StudentController         : Inside info 
2021-06-06 15:06:06.566 ERROR 18076 --- [http-nio-8080-exec-3] com.controller.StudentController         : Inside error
2021-06-06 15:06:06.566  WARN 18076 --- [http-nio-8080-exec-3] com.controller.StudentController         : Inside warn
2021-06-06 15:06:06.567  INFO 18076 --- [http-nio-8080-exec-3] com.controller.StudentController         : Inside info 
2021-06-06 15:23:48.359  INFO 18076 --- [RMI TCP Connection(177)-127.0.0.1] inMXBeanRegistrar$SpringApplicationAdmin : Application shutdown requested.
2021-06-06 15:23:48.388  INFO 18076 --- [RMI TCP Connection(177)-127.0.0.1] o.s.b.a.ApplicationAvailabilityBean      : Application availability state ReadinessState changed from ACCEPTING_TRAFFIC to REFUSING_TRAFFIC
2021-06-06 16:29:12.667  INFO 21976 --- [main] com.chaitanya.DemoApplication            : Starting DemoApplication using Java 15.0.1 on LAPTOP-KVSK8QLJ with PID 21976 (C:\Users\91809\Downloads\SpringBoot-Restful-Api-Project-main\Spring Boot Restful Api Project\target\classes started by 91809 in C:\Users\91809\Downloads\SpringBoot-Restful-Api-Project-main\Spring Boot Restful Api Project)
2021-06-06 16:29:12.669  INFO 21976 --- [main] com.chaitanya.DemoApplication            : No active profile set, falling back to default profiles: default
2021-06-06 16:29:14.218  INFO 21976 --- [main] .s.d.r.c.RepositoryConfigurationDelegate : Bootstrapping Spring Data JPA repositories in DEFAULT mode.
2021-06-06 16:29:14.278  INFO 21976 --- [main] .s.d.r.c.RepositoryConfigurationDelegate : Finished Spring Data repository scanning in 50 ms. Found 3 JPA repository interfaces.
2021-06-06 16:29:14.987  INFO 21976 --- [main] o.s.b.w.embedded.tomcat.TomcatWebServer  : Tomcat initialized with port(s): 8080 (http)
2021-06-06 16:29:14.996  INFO 21976 --- [main] o.apache.catalina.core.StandardService   : Starting service [Tomcat]
2021-06-06 16:29:14.996  INFO 21976 --- [main] org.apache.catalina.core.StandardEngine  : Starting Servlet engine: [Apache Tomcat/9.0.46]
2021-06-06 16:29:15.112  INFO 21976 --- [main] o.a.c.c.C.[Tomcat].[localhost].[/]       : Initializing Spring embedded WebApplicationContext
2021-06-06 16:29:15.113  INFO 21976 --- [main] w.s.c.ServletWebServerApplicationContext : Root WebApplicationContext: initialization completed in 2393 ms
2021-06-06 16:29:15.228  INFO 21976 --- [main] com.zaxxer.hikari.HikariDataSource       : HikariPool-1 - Starting...
2021-06-06 16:29:15.840  INFO 21976 --- [main] com.zaxxer.hikari.HikariDataSource       : HikariPool-1 - Start completed.
2021-06-06 16:29:15.907  INFO 21976 --- [main] o.hibernate.jpa.internal.util.LogHelper  : HHH000204: Processing PersistenceUnitInfo [name: default]
2021-06-06 16:29:16.193  INFO 21976 --- [main] org.hibernate.Version                    : HHH000412: Hibernate ORM core version 5.4.31.Final
2021-06-06 16:29:18.840  INFO 21976 --- [main] o.hibernate.annotations.common.Version   : HCANN000001: Hibernate Commons Annotations {5.1.2.Final}
2021-06-06 16:29:19.119  INFO 21976 --- [main] org.hibernate.dialect.Dialect            : HHH000400: Using dialect: org.hibernate.dialect.MySQL57Dialect
2021-06-06 16:29:20.230  INFO 21976 --- [main] o.h.e.t.j.p.i.JtaPlatformInitiator       : HHH000490: Using JtaPlatform implementation: [org.hibernate.engine.transaction.jta.platform.internal.NoJtaPlatform]
2021-06-06 16:29:20.240  INFO 21976 --- [main] j.LocalContainerEntityManagerFactoryBean : Initialized JPA EntityManagerFactory for persistence unit 'default'
2021-06-06 16:29:21.197  WARN 21976 --- [main] JpaBaseConfiguration$JpaWebConfiguration : spring.jpa.open-in-view is enabled by default. Therefore, database queries may be performed during view rendering. Explicitly configure spring.jpa.open-in-view to disable this warning
2021-06-06 16:29:21.875  INFO 21976 --- [main] o.s.b.w.embedded.tomcat.TomcatWebServer  : Tomcat started on port(s): 8080 (http) with context path ''
2021-06-06 16:29:22.212  INFO 21976 --- [main] com.chaitanya.DemoApplication            : Started DemoApplication in 9.909 seconds (JVM running for 10.754)
2021-06-06 16:29:22.213  INFO 21976 --- [main] o.s.b.a.ApplicationAvailabilityBean      : Application availability state LivenessState changed to CORRECT
2021-06-06 16:29:22.215  INFO 21976 --- [main] o.s.b.a.ApplicationAvailabilityBean      : Application availability state ReadinessState changed to ACCEPTING_TRAFFIC
2021-06-06 16:29:38.608  INFO 21976 --- [http-nio-8080-exec-1] o.a.c.c.C.[Tomcat].[localhost].[/]       : Initializing Spring DispatcherServlet 'dispatcherServlet'
2021-06-06 16:29:38.608  INFO 21976 --- [http-nio-8080-exec-1] o.s.web.servlet.DispatcherServlet        : Initializing Servlet 'dispatcherServlet'
2021-06-06 16:29:38.610  INFO 21976 --- [http-nio-8080-exec-1] o.s.web.servlet.DispatcherServlet        : Completed initialization in 2 ms
2021-06-06 16:29:38.663 ERROR 21976 --- [http-nio-8080-exec-1] com.controller.StudentController         : Inside error
2021-06-06 16:29:38.664  WARN 21976 --- [http-nio-8080-exec-1] com.controller.StudentController         : Inside warn
2021-06-06 16:29:38.664  INFO 21976 --- [http-nio-8080-exec-1] com.controller.StudentController         : Inside info 
2021-06-06 16:32:34.129  INFO 21976 --- [RMI TCP Connection(7)-127.0.0.1] inMXBeanRegistrar$SpringApplicationAdmin : Application shutdown requested.
2021-06-06 16:32:34.130  INFO 21976 --- [RMI TCP Connection(7)-127.0.0.1] o.s.b.a.ApplicationAvailabilityBean      : Application availability state ReadinessState changed from ACCEPTING_TRAFFIC to REFUSING_TRAFFIC
2021-06-06 16:32:40.128  INFO 24724 --- [main] com.chaitanya.DemoApplication            : Starting DemoApplication using Java 15.0.1 on LAPTOP-KVSK8QLJ with PID 24724 (C:\Users\91809\Downloads\SpringBoot-Restful-Api-Project-main\Spring Boot Restful Api Project\target\classes started by 91809 in C:\Users\91809\Downloads\SpringBoot-Restful-Api-Project-main\Spring Boot Restful Api Project)
2021-06-06 16:32:40.131  INFO 24724 --- [main] com.chaitanya.DemoApplication            : No active profile set, falling back to default profiles: default
2021-06-06 16:32:41.279  INFO 24724 --- [main] .s.d.r.c.RepositoryConfigurationDelegate : Bootstrapping Spring Data JPA repositories in DEFAULT mode.
2021-06-06 16:32:41.338  INFO 24724 --- [main] .s.d.r.c.RepositoryConfigurationDelegate : Finished Spring Data repository scanning in 50 ms. Found 3 JPA repository interfaces.
2021-06-06 16:32:42.052  INFO 24724 --- [main] o.s.b.w.embedded.tomcat.TomcatWebServer  : Tomcat initialized with port(s): 8080 (http)
2021-06-06 16:32:42.061  INFO 24724 --- [main] o.apache.catalina.core.StandardService   : Starting service [Tomcat]
2021-06-06 16:32:42.061  INFO 24724 --- [main] org.apache.catalina.core.StandardEngine  : Starting Servlet engine: [Apache Tomcat/9.0.46]
2021-06-06 16:32:42.171  INFO 24724 --- [main] o.a.c.c.C.[Tomcat].[localhost].[/]       : Initializing Spring embedded WebApplicationContext
2021-06-06 16:32:42.172  INFO 24724 --- [main] w.s.c.ServletWebServerApplicationContext : Root WebApplicationContext: initialization completed in 1985 ms
2021-06-06 16:32:42.225  WARN 24724 --- [main] ConfigServletWebServerApplicationContext : Exception encountered during context initialization - cancelling refresh attempt: org.springframework.beans.factory.UnsatisfiedDependencyException: Error creating bean with name 'dataSourceScriptDatabaseInitializer' defined in class path resource [org/springframework/boot/autoconfigure/sql/init/DataSourceInitializationConfiguration.class]: Unsatisfied dependency expressed through method 'dataSourceScriptDatabaseInitializer' parameter 0; nested exception is org.springframework.beans.factory.BeanCreationException: Error creating bean with name 'dataSource' defined in class path resource [org/springframework/boot/autoconfigure/jdbc/DataSourceConfiguration$Hikari.class]: Bean instantiation via factory method failed; nested exception is org.springframework.beans.BeanInstantiationException: Failed to instantiate [com.zaxxer.hikari.HikariDataSource]: Factory method 'dataSource' threw exception; nested exception is org.springframework.boot.autoconfigure.jdbc.DataSourceProperties$DataSourceBeanCreationException: Failed to determine a suitable driver class
2021-06-06 16:32:42.228  INFO 24724 --- [main] o.apache.catalina.core.StandardService   : Stopping service [Tomcat]
2021-06-06 16:32:42.240  INFO 24724 --- [main] ConditionEvaluationReportLoggingListener : 

Error starting ApplicationContext. To display the conditions report re-run your application with 'debug' enabled.
2021-06-06 16:32:42.331 ERROR 24724 --- [main] o.s.b.d.LoggingFailureAnalysisReporter   : 

***************************
APPLICATION FAILED TO START
***************************

Description:

Failed to configure a DataSource: 'url' attribute is not specified and no embedded datasource could be configured.

Reason: Failed to determine a suitable driver class


Action:

Consider the following:
	If you want an embedded database (H2, HSQL or Derby), please put it on the classpath.
	If you have database settings to be loaded from a particular profile you may need to activate it (no profiles are currently active).

2021-06-06 16:33:51.016  INFO 7456 --- [main] com.chaitanya.DemoApplication            : Starting DemoApplication using Java 15.0.1 on LAPTOP-KVSK8QLJ with PID 7456 (C:\Users\91809\Downloads\SpringBoot-Restful-Api-Project-main\Spring Boot Restful Api Project\target\classes started by 91809 in C:\Users\91809\Downloads\SpringBoot-Restful-Api-Project-main\Spring Boot Restful Api Project)
2021-06-06 16:33:51.018  INFO 7456 --- [main] com.chaitanya.DemoApplication            : No active profile set, falling back to default profiles: default
2021-06-06 16:33:52.147  INFO 7456 --- [main] .s.d.r.c.RepositoryConfigurationDelegate : Bootstrapping Spring Data JPA repositories in DEFAULT mode.
2021-06-06 16:33:52.200  INFO 7456 --- [main] .s.d.r.c.RepositoryConfigurationDelegate : Finished Spring Data repository scanning in 44 ms. Found 3 JPA repository interfaces.
2021-06-06 16:33:52.929  INFO 7456 --- [main] o.s.b.w.embedded.tomcat.TomcatWebServer  : Tomcat initialized with port(s): 8080 (http)
2021-06-06 16:33:52.938  INFO 7456 --- [main] o.apache.catalina.core.StandardService   : Starting service [Tomcat]
2021-06-06 16:33:52.939  INFO 7456 --- [main] org.apache.catalina.core.StandardEngine  : Starting Servlet engine: [Apache Tomcat/9.0.46]
2021-06-06 16:33:53.048  INFO 7456 --- [main] o.a.c.c.C.[Tomcat].[localhost].[/]       : Initializing Spring embedded WebApplicationContext
2021-06-06 16:33:53.048  INFO 7456 --- [main] w.s.c.ServletWebServerApplicationContext : Root WebApplicationContext: initialization completed in 1975 ms
2021-06-06 16:33:53.082  INFO 7456 --- [main] com.zaxxer.hikari.HikariDataSource       : HikariPool-1 - Starting...
2021-06-06 16:33:53.338  INFO 7456 --- [main] com.zaxxer.hikari.HikariDataSource       : HikariPool-1 - Start completed.
2021-06-06 16:33:53.344  INFO 7456 --- [main] o.s.b.a.h2.H2ConsoleAutoConfiguration    : H2 console available at '/h2'. Database available at 'jdbc:h2:mem:0c266bbe-e33a-4b38-91a6-9858b7b704a9'
2021-06-06 16:33:53.455  INFO 7456 --- [main] o.hibernate.jpa.internal.util.LogHelper  : HHH000204: Processing PersistenceUnitInfo [name: default]
2021-06-06 16:33:53.507  INFO 7456 --- [main] org.hibernate.Version                    : HHH000412: Hibernate ORM core version 5.4.31.Final
2021-06-06 16:33:53.668  INFO 7456 --- [main] o.hibernate.annotations.common.Version   : HCANN000001: Hibernate Commons Annotations {5.1.2.Final}
2021-06-06 16:33:53.820  INFO 7456 --- [main] org.hibernate.dialect.Dialect            : HHH000400: Using dialect: org.hibernate.dialect.H2Dialect
2021-06-06 16:33:54.562  INFO 7456 --- [main] o.h.e.t.j.p.i.JtaPlatformInitiator       : HHH000490: Using JtaPlatform implementation: [org.hibernate.engine.transaction.jta.platform.internal.NoJtaPlatform]
2021-06-06 16:33:54.571  INFO 7456 --- [main] j.LocalContainerEntityManagerFactoryBean : Initialized JPA EntityManagerFactory for persistence unit 'default'
2021-06-06 16:33:55.200  WARN 7456 --- [main] JpaBaseConfiguration$JpaWebConfiguration : spring.jpa.open-in-view is enabled by default. Therefore, database queries may be performed during view rendering. Explicitly configure spring.jpa.open-in-view to disable this warning
2021-06-06 16:33:55.653  INFO 7456 --- [main] o.s.b.w.embedded.tomcat.TomcatWebServer  : Tomcat started on port(s): 8080 (http) with context path ''
2021-06-06 16:33:55.982  INFO 7456 --- [main] com.chaitanya.DemoApplication            : Started DemoApplication in 5.318 seconds (JVM running for 6.055)
2021-06-06 16:33:55.983  INFO 7456 --- [main] o.s.b.a.ApplicationAvailabilityBean      : Application availability state LivenessState changed to CORRECT
2021-06-06 16:33:55.985  INFO 7456 --- [main] o.s.b.a.ApplicationAvailabilityBean      : Application availability state ReadinessState changed to ACCEPTING_TRAFFIC
2021-06-06 16:34:14.694  INFO 7456 --- [http-nio-8080-exec-1] o.a.c.c.C.[Tomcat].[localhost].[/]       : Initializing Spring DispatcherServlet 'dispatcherServlet'
2021-06-06 16:34:14.694  INFO 7456 --- [http-nio-8080-exec-1] o.s.web.servlet.DispatcherServlet        : Initializing Servlet 'dispatcherServlet'
2021-06-06 16:34:14.696  INFO 7456 --- [http-nio-8080-exec-1] o.s.web.servlet.DispatcherServlet        : Completed initialization in 1 ms
2021-06-06 16:34:14.718 ERROR 7456 --- [http-nio-8080-exec-1] com.controller.StudentController         : Inside error
2021-06-06 16:34:14.719  WARN 7456 --- [http-nio-8080-exec-1] com.controller.StudentController         : Inside warn
2021-06-06 16:34:14.719  INFO 7456 --- [http-nio-8080-exec-1] com.controller.StudentController         : Inside info 
2021-06-06 16:34:16.564 ERROR 7456 --- [http-nio-8080-exec-4] com.controller.StudentController         : Inside error
2021-06-06 16:34:16.565  WARN 7456 --- [http-nio-8080-exec-4] com.controller.StudentController         : Inside warn
2021-06-06 16:34:16.565  INFO 7456 --- [http-nio-8080-exec-4] com.controller.StudentController         : Inside info 
2021-06-06 16:34:17.043 ERROR 7456 --- [http-nio-8080-exec-5] com.controller.StudentController         : Inside error
2021-06-06 16:34:17.043  WARN 7456 --- [http-nio-8080-exec-5] com.controller.StudentController         : Inside warn
2021-06-06 16:34:17.044  INFO 7456 --- [http-nio-8080-exec-5] com.controller.StudentController         : Inside info 
2021-06-06 16:35:25.033 ERROR 7456 --- [http-nio-8080-exec-9] com.controller.StudentController         : Inside error
2021-06-06 16:35:25.034  WARN 7456 --- [http-nio-8080-exec-9] com.controller.StudentController         : Inside warn
2021-06-06 16:35:25.034  INFO 7456 --- [http-nio-8080-exec-9] com.controller.StudentController         : Inside info 
2021-06-06 16:41:09.553  WARN 7456 --- [http-nio-8080-exec-3] .w.s.m.s.DefaultHandlerExceptionResolver : Resolved [org.springframework.web.HttpRequestMethodNotSupportedException: Request method 'GET' not supported]
2021-06-06 16:41:58.462 ERROR 7456 --- [http-nio-8080-exec-4] com.controller.StudentController         : Inside error
2021-06-06 16:41:58.463  WARN 7456 --- [http-nio-8080-exec-4] com.controller.StudentController         : Inside warn
2021-06-06 16:41:58.463  INFO 7456 --- [http-nio-8080-exec-4] com.controller.StudentController         : Inside info 
2021-06-06 16:42:00.762 ERROR 7456 --- [http-nio-8080-exec-5] com.controller.StudentController         : Inside error
2021-06-06 16:42:00.763  WARN 7456 --- [http-nio-8080-exec-5] com.controller.StudentController         : Inside warn
2021-06-06 16:42:00.763  INFO 7456 --- [http-nio-8080-exec-5] com.controller.StudentController         : Inside info 
2021-06-06 16:42:00.971 ERROR 7456 --- [http-nio-8080-exec-6] com.controller.StudentController         : Inside error
2021-06-06 16:42:00.972  WARN 7456 --- [http-nio-8080-exec-6] com.controller.StudentController         : Inside warn
2021-06-06 16:42:00.972  INFO 7456 --- [http-nio-8080-exec-6] com.controller.StudentController         : Inside info 
2021-06-06 16:42:01.147 ERROR 7456 --- [http-nio-8080-exec-7] com.controller.StudentController         : Inside error
2021-06-06 16:42:01.147  WARN 7456 --- [http-nio-8080-exec-7] com.controller.StudentController         : Inside warn
2021-06-06 16:42:01.147  INFO 7456 --- [http-nio-8080-exec-7] com.controller.StudentController         : Inside info 
2021-06-06 16:42:01.346 ERROR 7456 --- [http-nio-8080-exec-8] com.controller.StudentController         : Inside error
2021-06-06 16:42:01.347  WARN 7456 --- [http-nio-8080-exec-8] com.controller.StudentController         : Inside warn
2021-06-06 16:42:01.347  INFO 7456 --- [http-nio-8080-exec-8] com.controller.StudentController         : Inside info 
2021-06-06 16:42:01.556 ERROR 7456 --- [http-nio-8080-exec-1] com.controller.StudentController         : Inside error
2021-06-06 16:42:01.556  WARN 7456 --- [http-nio-8080-exec-1] com.controller.StudentController         : Inside warn
2021-06-06 16:42:01.557  INFO 7456 --- [http-nio-8080-exec-1] com.controller.StudentController         : Inside info 
2021-06-06 16:42:01.740 ERROR 7456 --- [http-nio-8080-exec-3] com.controller.StudentController         : Inside error
2021-06-06 16:42:01.741  WARN 7456 --- [http-nio-8080-exec-3] com.controller.StudentController         : Inside warn
2021-06-06 16:42:01.741  INFO 7456 --- [http-nio-8080-exec-3] com.controller.StudentController         : Inside info 
2021-06-06 16:42:01.940 ERROR 7456 --- [http-nio-8080-exec-2] com.controller.StudentController         : Inside error
2021-06-06 16:42:01.940  WARN 7456 --- [http-nio-8080-exec-2] com.controller.StudentController         : Inside warn
2021-06-06 16:42:01.941  INFO 7456 --- [http-nio-8080-exec-2] com.controller.StudentController         : Inside info 
2021-06-06 16:42:02.394 ERROR 7456 --- [http-nio-8080-exec-4] com.controller.StudentController         : Inside error
2021-06-06 16:42:02.394  WARN 7456 --- [http-nio-8080-exec-4] com.controller.StudentController         : Inside warn
2021-06-06 16:42:02.394  INFO 7456 --- [http-nio-8080-exec-4] com.controller.StudentController         : Inside info 
2021-06-06 16:42:02.603 ERROR 7456 --- [http-nio-8080-exec-5] com.controller.StudentController         : Inside error
2021-06-06 16:42:02.603  WARN 7456 --- [http-nio-8080-exec-5] com.controller.StudentController         : Inside warn
2021-06-06 16:42:02.604  INFO 7456 --- [http-nio-8080-exec-5] com.controller.StudentController         : Inside info 
2021-06-06 16:42:02.842 ERROR 7456 --- [http-nio-8080-exec-6] com.controller.StudentController         : Inside error
2021-06-06 16:42:02.842  WARN 7456 --- [http-nio-8080-exec-6] com.controller.StudentController         : Inside warn
2021-06-06 16:42:02.842  INFO 7456 --- [http-nio-8080-exec-6] com.controller.StudentController         : Inside info 
2021-06-06 16:44:22.369  INFO 7456 --- [RMI TCP Connection(14)-127.0.0.1] inMXBeanRegistrar$SpringApplicationAdmin : Application shutdown requested.
2021-06-06 16:44:22.370  INFO 7456 --- [RMI TCP Connection(14)-127.0.0.1] o.s.b.a.ApplicationAvailabilityBean      : Application availability state ReadinessState changed from ACCEPTING_TRAFFIC to REFUSING_TRAFFIC
2021-06-06 16:44:27.435  INFO 23640 --- [main] com.chaitanya.DemoApplication            : Starting DemoApplication using Java 15.0.1 on LAPTOP-KVSK8QLJ with PID 23640 (C:\Users\91809\Downloads\SpringBoot-Restful-Api-Project-main\Spring Boot Restful Api Project\target\classes started by 91809 in C:\Users\91809\Downloads\SpringBoot-Restful-Api-Project-main\Spring Boot Restful Api Project)
2021-06-06 16:44:27.438  INFO 23640 --- [main] com.chaitanya.DemoApplication            : No active profile set, falling back to default profiles: default
2021-06-06 16:44:28.512  INFO 23640 --- [main] .s.d.r.c.RepositoryConfigurationDelegate : Bootstrapping Spring Data JPA repositories in DEFAULT mode.
2021-06-06 16:44:28.571  INFO 23640 --- [main] .s.d.r.c.RepositoryConfigurationDelegate : Finished Spring Data repository scanning in 51 ms. Found 3 JPA repository interfaces.
2021-06-06 16:44:29.290  INFO 23640 --- [main] o.s.b.w.embedded.tomcat.TomcatWebServer  : Tomcat initialized with port(s): 8080 (http)
2021-06-06 16:44:29.298  INFO 23640 --- [main] o.apache.catalina.core.StandardService   : Starting service [Tomcat]
2021-06-06 16:44:29.299  INFO 23640 --- [main] org.apache.catalina.core.StandardEngine  : Starting Servlet engine: [Apache Tomcat/9.0.46]
2021-06-06 16:44:29.418  INFO 23640 --- [main] o.a.c.c.C.[Tomcat].[localhost].[/]       : Initializing Spring embedded WebApplicationContext
2021-06-06 16:44:29.419  INFO 23640 --- [main] w.s.c.ServletWebServerApplicationContext : Root WebApplicationContext: initialization completed in 1932 ms
2021-06-06 16:44:29.455  INFO 23640 --- [main] com.zaxxer.hikari.HikariDataSource       : HikariPool-1 - Starting...
2021-06-06 16:44:29.611  INFO 23640 --- [main] com.zaxxer.hikari.HikariDataSource       : HikariPool-1 - Start completed.
2021-06-06 16:44:29.617  INFO 23640 --- [main] o.s.b.a.h2.H2ConsoleAutoConfiguration    : H2 console available at '/h2'. Database available at 'jdbc:h2:mem:f3f9bc35-6d92-44af-9ad9-8c1db0c043da'
2021-06-06 16:44:29.732  INFO 23640 --- [main] o.hibernate.jpa.internal.util.LogHelper  : HHH000204: Processing PersistenceUnitInfo [name: default]
2021-06-06 16:44:29.783  INFO 23640 --- [main] org.hibernate.Version                    : HHH000412: Hibernate ORM core version 5.4.31.Final
2021-06-06 16:44:29.910  INFO 23640 --- [main] o.hibernate.annotations.common.Version   : HCANN000001: Hibernate Commons Annotations {5.1.2.Final}
2021-06-06 16:44:30.035  INFO 23640 --- [main] org.hibernate.dialect.Dialect            : HHH000400: Using dialect: org.hibernate.dialect.H2Dialect
2021-06-06 16:44:30.730  INFO 23640 --- [main] o.h.e.t.j.p.i.JtaPlatformInitiator       : HHH000490: Using JtaPlatform implementation: [org.hibernate.engine.transaction.jta.platform.internal.NoJtaPlatform]
2021-06-06 16:44:30.738  INFO 23640 --- [main] j.LocalContainerEntityManagerFactoryBean : Initialized JPA EntityManagerFactory for persistence unit 'default'
2021-06-06 16:44:31.357  WARN 23640 --- [main] JpaBaseConfiguration$JpaWebConfiguration : spring.jpa.open-in-view is enabled by default. Therefore, database queries may be performed during view rendering. Explicitly configure spring.jpa.open-in-view to disable this warning
2021-06-06 16:44:31.812  INFO 23640 --- [main] o.s.b.w.embedded.tomcat.TomcatWebServer  : Tomcat started on port(s): 8080 (http) with context path ''
2021-06-06 16:44:32.142  INFO 23640 --- [main] com.chaitanya.DemoApplication            : Started DemoApplication in 5.06 seconds (JVM running for 5.647)
2021-06-06 16:44:32.143  INFO 23640 --- [main] o.s.b.a.ApplicationAvailabilityBean      : Application availability state LivenessState changed to CORRECT
2021-06-06 16:44:32.146  INFO 23640 --- [main] o.s.b.a.ApplicationAvailabilityBean      : Application availability state ReadinessState changed to ACCEPTING_TRAFFIC
2021-06-06 17:00:17.723  INFO 23640 --- [RMI TCP Connection(19)-127.0.0.1] inMXBeanRegistrar$SpringApplicationAdmin : Application shutdown requested.
2021-06-06 17:00:17.724  INFO 23640 --- [RMI TCP Connection(19)-127.0.0.1] o.s.b.a.ApplicationAvailabilityBean      : Application availability state ReadinessState changed from ACCEPTING_TRAFFIC to REFUSING_TRAFFIC
2021-06-06 17:00:24.017  INFO 18084 --- [main] com.chaitanya.DemoApplication            : Starting DemoApplication using Java 15.0.1 on LAPTOP-KVSK8QLJ with PID 18084 (C:\Users\91809\Downloads\SpringBoot-Restful-Api-Project-main\Spring Boot Restful Api Project\target\classes started by 91809 in C:\Users\91809\Downloads\SpringBoot-Restful-Api-Project-main\Spring Boot Restful Api Project)
2021-06-06 17:00:24.020  INFO 18084 --- [main] com.chaitanya.DemoApplication            : No active profile set, falling back to default profiles: default
2021-06-06 17:00:25.563  INFO 18084 --- [main] .s.d.r.c.RepositoryConfigurationDelegate : Bootstrapping Spring Data JPA repositories in DEFAULT mode.
2021-06-06 17:00:25.618  INFO 18084 --- [main] .s.d.r.c.RepositoryConfigurationDelegate : Finished Spring Data repository scanning in 46 ms. Found 3 JPA repository interfaces.
2021-06-06 17:00:26.446  INFO 18084 --- [main] o.s.b.w.embedded.tomcat.TomcatWebServer  : Tomcat initialized with port(s): 8080 (http)
2021-06-06 17:00:26.455  INFO 18084 --- [main] o.apache.catalina.core.StandardService   : Starting service [Tomcat]
2021-06-06 17:00:26.455  INFO 18084 --- [main] org.apache.catalina.core.StandardEngine  : Starting Servlet engine: [Apache Tomcat/9.0.46]
2021-06-06 17:00:26.576  INFO 18084 --- [main] o.a.c.c.C.[Tomcat].[localhost].[/]       : Initializing Spring embedded WebApplicationContext
2021-06-06 17:00:26.576  INFO 18084 --- [main] w.s.c.ServletWebServerApplicationContext : Root WebApplicationContext: initialization completed in 2506 ms
2021-06-06 17:00:26.611  INFO 18084 --- [main] com.zaxxer.hikari.HikariDataSource       : HikariPool-1 - Starting...
2021-06-06 17:00:26.917  INFO 18084 --- [main] com.zaxxer.hikari.HikariDataSource       : HikariPool-1 - Start completed.
2021-06-06 17:00:26.923  INFO 18084 --- [main] o.s.b.a.h2.H2ConsoleAutoConfiguration    : H2 console available at '/h2'. Database available at 'jdbc:h2:mem:b177b413-9c80-4cba-9ffc-0e72753aa53a'
2021-06-06 17:00:27.131  INFO 18084 --- [main] o.hibernate.jpa.internal.util.LogHelper  : HHH000204: Processing PersistenceUnitInfo [name: default]
2021-06-06 17:00:27.249  INFO 18084 --- [main] org.hibernate.Version                    : HHH000412: Hibernate ORM core version 5.4.31.Final
2021-06-06 17:00:27.570  INFO 18084 --- [main] o.hibernate.annotations.common.Version   : HCANN000001: Hibernate Commons Annotations {5.1.2.Final}
2021-06-06 17:00:27.703  INFO 18084 --- [main] org.hibernate.dialect.Dialect            : HHH000400: Using dialect: org.hibernate.dialect.H2Dialect
2021-06-06 17:00:28.522  INFO 18084 --- [main] o.h.e.t.j.p.i.JtaPlatformInitiator       : HHH000490: Using JtaPlatform implementation: [org.hibernate.engine.transaction.jta.platform.internal.NoJtaPlatform]
2021-06-06 17:00:28.531  INFO 18084 --- [main] j.LocalContainerEntityManagerFactoryBean : Initialized JPA EntityManagerFactory for persistence unit 'default'
2021-06-06 17:00:29.165  WARN 18084 --- [main] JpaBaseConfiguration$JpaWebConfiguration : spring.jpa.open-in-view is enabled by default. Therefore, database queries may be performed during view rendering. Explicitly configure spring.jpa.open-in-view to disable this warning
2021-06-06 17:00:29.698  INFO 18084 --- [main] o.s.b.w.embedded.tomcat.TomcatWebServer  : Tomcat started on port(s): 8080 (http) with context path ''
2021-06-06 17:00:30.022  INFO 18084 --- [main] com.chaitanya.DemoApplication            : Started DemoApplication in 6.374 seconds (JVM running for 7.0)
2021-06-06 17:00:30.023  INFO 18084 --- [main] o.s.b.a.ApplicationAvailabilityBean      : Application availability state LivenessState changed to CORRECT
2021-06-06 17:00:30.026  INFO 18084 --- [main] o.s.b.a.ApplicationAvailabilityBean      : Application availability state ReadinessState changed to ACCEPTING_TRAFFIC
2021-06-06 17:00:40.807  INFO 18084 --- [http-nio-8080-exec-1] o.a.c.c.C.[Tomcat].[localhost].[/]       : Initializing Spring DispatcherServlet 'dispatcherServlet'
2021-06-06 17:00:40.807  INFO 18084 --- [http-nio-8080-exec-1] o.s.web.servlet.DispatcherServlet        : Initializing Servlet 'dispatcherServlet'
2021-06-06 17:00:40.809  INFO 18084 --- [http-nio-8080-exec-1] o.s.web.servlet.DispatcherServlet        : Completed initialization in 2 ms
2021-06-06 17:00:40.832 ERROR 18084 --- [http-nio-8080-exec-1] com.controller.StudentController         : Inside error
2021-06-06 17:00:40.832  WARN 18084 --- [http-nio-8080-exec-1] com.controller.StudentController         : Inside warn
2021-06-06 17:00:40.832  INFO 18084 --- [http-nio-8080-exec-1] com.controller.StudentController         : Inside info 
2021-06-06 17:00:41.778 ERROR 18084 --- [http-nio-8080-exec-4] com.controller.StudentController         : Inside error
2021-06-06 17:00:41.779  WARN 18084 --- [http-nio-8080-exec-4] com.controller.StudentController         : Inside warn
2021-06-06 17:00:41.779  INFO 18084 --- [http-nio-8080-exec-4] com.controller.StudentController         : Inside info 
2021-06-06 17:00:42.145 ERROR 18084 --- [http-nio-8080-exec-5] com.controller.StudentController         : Inside error
2021-06-06 17:00:42.145  WARN 18084 --- [http-nio-8080-exec-5] com.controller.StudentController         : Inside warn
2021-06-06 17:00:42.145  INFO 18084 --- [http-nio-8080-exec-5] com.controller.StudentController         : Inside info 
2021-06-06 17:00:42.346 ERROR 18084 --- [http-nio-8080-exec-6] com.controller.StudentController         : Inside error
2021-06-06 17:00:42.346  WARN 18084 --- [http-nio-8080-exec-6] com.controller.StudentController         : Inside warn
2021-06-06 17:00:42.346  INFO 18084 --- [http-nio-8080-exec-6] com.controller.StudentController         : Inside info 
2021-06-06 17:00:42.537 ERROR 18084 --- [http-nio-8080-exec-7] com.controller.StudentController         : Inside error
2021-06-06 17:00:42.537  WARN 18084 --- [http-nio-8080-exec-7] com.controller.StudentController         : Inside warn
2021-06-06 17:00:42.537  INFO 18084 --- [http-nio-8080-exec-7] com.controller.StudentController         : Inside info 
2021-06-06 17:00:42.720 ERROR 18084 --- [http-nio-8080-exec-8] com.controller.StudentController         : Inside error
2021-06-06 17:00:42.721  WARN 18084 --- [http-nio-8080-exec-8] com.controller.StudentController         : Inside warn
2021-06-06 17:00:42.721  INFO 18084 --- [http-nio-8080-exec-8] com.controller.StudentController         : Inside info 
2021-06-06 17:00:42.882 ERROR 18084 --- [http-nio-8080-exec-9] com.controller.StudentController         : Inside error
2021-06-06 17:00:42.882  WARN 18084 --- [http-nio-8080-exec-9] com.controller.StudentController         : Inside warn
2021-06-06 17:00:42.882  INFO 18084 --- [http-nio-8080-exec-9] com.controller.StudentController         : Inside info 
2021-06-06 17:00:43.089 ERROR 18084 --- [http-nio-8080-exec-10] com.controller.StudentController         : Inside error
2021-06-06 17:00:43.089  WARN 18084 --- [http-nio-8080-exec-10] com.controller.StudentController         : Inside warn
2021-06-06 17:00:43.090  INFO 18084 --- [http-nio-8080-exec-10] com.controller.StudentController         : Inside info 
2021-06-06 17:00:43.408 ERROR 18084 --- [http-nio-8080-exec-1] com.controller.StudentController         : Inside error
2021-06-06 17:00:43.409  WARN 18084 --- [http-nio-8080-exec-1] com.controller.StudentController         : Inside warn
2021-06-06 17:00:43.409  INFO 18084 --- [http-nio-8080-exec-1] com.controller.StudentController         : Inside info 
2021-06-06 17:00:43.784 ERROR 18084 --- [http-nio-8080-exec-3] com.controller.StudentController         : Inside error
2021-06-06 17:00:43.785  WARN 18084 --- [http-nio-8080-exec-3] com.controller.StudentController         : Inside warn
2021-06-06 17:00:43.785  INFO 18084 --- [http-nio-8080-exec-3] com.controller.StudentController         : Inside info 
2021-06-06 17:00:44.252 ERROR 18084 --- [http-nio-8080-exec-2] com.controller.StudentController         : Inside error
2021-06-06 17:00:44.252  WARN 18084 --- [http-nio-8080-exec-2] com.controller.StudentController         : Inside warn
2021-06-06 17:00:44.252  INFO 18084 --- [http-nio-8080-exec-2] com.controller.StudentController         : Inside info 
2021-06-06 17:00:44.668 ERROR 18084 --- [http-nio-8080-exec-4] com.controller.StudentController         : Inside error
2021-06-06 17:00:44.668  WARN 18084 --- [http-nio-8080-exec-4] com.controller.StudentController         : Inside warn
2021-06-06 17:00:44.669  INFO 18084 --- [http-nio-8080-exec-4] com.controller.StudentController         : Inside info 
2021-06-06 17:00:46.217 ERROR 18084 --- [http-nio-8080-exec-5] com.controller.StudentController         : Inside error
2021-06-06 17:00:46.218  WARN 18084 --- [http-nio-8080-exec-5] com.controller.StudentController         : Inside warn
2021-06-06 17:00:46.218  INFO 18084 --- [http-nio-8080-exec-5] com.controller.StudentController         : Inside info 
2021-06-06 17:01:08.827 ERROR 18084 --- [http-nio-8080-exec-8] com.controller.StudentController         : Inside error
2021-06-06 17:01:08.828  WARN 18084 --- [http-nio-8080-exec-8] com.controller.StudentController         : Inside warn
2021-06-06 17:01:08.828  INFO 18084 --- [http-nio-8080-exec-8] com.controller.StudentController         : Inside info 
2021-06-06 17:01:17.579 ERROR 18084 --- [http-nio-8080-exec-2] com.controller.StudentController         : Inside error
2021-06-06 17:01:17.580  WARN 18084 --- [http-nio-8080-exec-2] com.controller.StudentController         : Inside warn
2021-06-06 17:01:17.580  INFO 18084 --- [http-nio-8080-exec-2] com.controller.StudentController         : Inside info 
2021-06-06 17:01:18.658 ERROR 18084 --- [http-nio-8080-exec-4] com.controller.StudentController         : Inside error
2021-06-06 17:01:18.658  WARN 18084 --- [http-nio-8080-exec-4] com.controller.StudentController         : Inside warn
2021-06-06 17:01:18.658  INFO 18084 --- [http-nio-8080-exec-4] com.controller.StudentController         : Inside info 
2021-06-06 17:01:18.865 ERROR 18084 --- [http-nio-8080-exec-5] com.controller.StudentController         : Inside error
2021-06-06 17:01:18.866  WARN 18084 --- [http-nio-8080-exec-5] com.controller.StudentController         : Inside warn
2021-06-06 17:01:18.866  INFO 18084 --- [http-nio-8080-exec-5] com.controller.StudentController         : Inside info 
2021-06-06 17:01:19.041 ERROR 18084 --- [http-nio-8080-exec-6] com.controller.StudentController         : Inside error
2021-06-06 17:01:19.041  WARN 18084 --- [http-nio-8080-exec-6] com.controller.StudentController         : Inside warn
2021-06-06 17:01:19.041  INFO 18084 --- [http-nio-8080-exec-6] com.controller.StudentController         : Inside info 
2021-06-06 17:01:19.225 ERROR 18084 --- [http-nio-8080-exec-7] com.controller.StudentController         : Inside error
2021-06-06 17:01:19.225  WARN 18084 --- [http-nio-8080-exec-7] com.controller.StudentController         : Inside warn
2021-06-06 17:01:19.226  INFO 18084 --- [http-nio-8080-exec-7] com.controller.StudentController         : Inside info 
2021-06-06 17:01:19.394 ERROR 18084 --- [http-nio-8080-exec-8] com.controller.StudentController         : Inside error
2021-06-06 17:01:19.395  WARN 18084 --- [http-nio-8080-exec-8] com.controller.StudentController         : Inside warn
2021-06-06 17:01:19.395  INFO 18084 --- [http-nio-8080-exec-8] com.controller.StudentController         : Inside info 
2021-06-06 17:01:19.585 ERROR 18084 --- [http-nio-8080-exec-9] com.controller.StudentController         : Inside error
2021-06-06 17:01:19.586  WARN 18084 --- [http-nio-8080-exec-9] com.controller.StudentController         : Inside warn
2021-06-06 17:01:19.586  INFO 18084 --- [http-nio-8080-exec-9] com.controller.StudentController         : Inside info 
2021-06-06 17:01:19.762 ERROR 18084 --- [http-nio-8080-exec-10] com.controller.StudentController         : Inside error
2021-06-06 17:01:19.762  WARN 18084 --- [http-nio-8080-exec-10] com.controller.StudentController         : Inside warn
2021-06-06 17:01:19.762  INFO 18084 --- [http-nio-8080-exec-10] com.controller.StudentController         : Inside info 
2021-06-06 17:01:19.962 ERROR 18084 --- [http-nio-8080-exec-1] com.controller.StudentController         : Inside error
2021-06-06 17:01:19.963  WARN 18084 --- [http-nio-8080-exec-1] com.controller.StudentController         : Inside warn
2021-06-06 17:01:19.963  INFO 18084 --- [http-nio-8080-exec-1] com.controller.StudentController         : Inside info 
2021-06-06 17:01:20.153 ERROR 18084 --- [http-nio-8080-exec-3] com.controller.StudentController         : Inside error
2021-06-06 17:01:20.154  WARN 18084 --- [http-nio-8080-exec-3] com.controller.StudentController         : Inside warn
2021-06-06 17:01:20.154  INFO 18084 --- [http-nio-8080-exec-3] com.controller.StudentController         : Inside info 
2021-06-06 17:03:38.527  INFO 18084 --- [RMI TCP Connection(5)-127.0.0.1] inMXBeanRegistrar$SpringApplicationAdmin : Application shutdown requested.
2021-06-06 17:03:38.527  INFO 18084 --- [RMI TCP Connection(5)-127.0.0.1] o.s.b.a.ApplicationAvailabilityBean      : Application availability state ReadinessState changed from ACCEPTING_TRAFFIC to REFUSING_TRAFFIC
